<?xml version="1.0" encoding="UTF-8"?>
<!-- Generated by org.testng.reporters.JUnitXMLReporter -->
<testsuite hostname="DESKTOP-H6S0689" ignored="0" name="Default test" tests="6" failures="0" timestamp="27 Jul 2019 19:06:33 GMT" time="6.013" errors="0">
  <testcase name="postSampleTest" time="3.649" classname="com.schemaxtech.testAutomationFrameworkTest.TestAutomationUtilTest"/>
  <testcase name="postSampleTest" time="0.479" classname="com.schemaxtech.testAutomationFrameworkTest.TestAutomationUtilTest"/>
  <testcase name="postSampleTest" time="0.522" classname="com.schemaxtech.testAutomationFrameworkTest.TestAutomationUtilTest"/>
  <testcase name="postSampleTest" time="0.375" classname="com.schemaxtech.testAutomationFrameworkTest.TestAutomationUtilTest"/>
  <testcase name="postSampleTest" time="0.353" classname="com.schemaxtech.testAutomationFrameworkTest.TestAutomationUtilTest"/>
  <testcase name="postSampleTest" time="0.497" classname="com.schemaxtech.testAutomationFrameworkTest.TestAutomationUtilTest"/>
</testsuite> <!-- Default test -->
