<?xml version="1.0" encoding="UTF-8"?>
<!-- Generated by org.testng.reporters.JUnitXMLReporter -->
<testsuite hostname="DESKTOP-H6S0689" ignored="0" name="Default test" tests="6" failures="0" timestamp="27 Jul 2019 18:34:14 GMT" time="5.83" errors="0">
  <testcase name="postSampleTest" time="3.398" classname="com.schemaxtech.testAutomationFrameworkTest.TestAutomationUtilTest"/>
  <testcase name="postSampleTest" time="0.492" classname="com.schemaxtech.testAutomationFrameworkTest.TestAutomationUtilTest"/>
  <testcase name="postSampleTest" time="0.351" classname="com.schemaxtech.testAutomationFrameworkTest.TestAutomationUtilTest"/>
  <testcase name="postSampleTest" time="0.569" classname="com.schemaxtech.testAutomationFrameworkTest.TestAutomationUtilTest"/>
  <testcase name="postSampleTest" time="0.478" classname="com.schemaxtech.testAutomationFrameworkTest.TestAutomationUtilTest"/>
  <testcase name="postSampleTest" time="0.412" classname="com.schemaxtech.testAutomationFrameworkTest.TestAutomationUtilTest"/>
</testsuite> <!-- Default test -->
