<?xml version="1.0" encoding="UTF-8"?>
<!-- Generated by org.testng.reporters.JUnitXMLReporter -->
<testsuite hostname="DESKTOP-H6S0689" ignored="0" name="Test" tests="5" failures="3" timestamp="11 Jul 2019 19:30:07 GMT" time="0.196" errors="0">
  <testcase name="fetchAttrPaths_ValiFile" time="0.048" classname="com.schemaxtech.testAutomationFrameworkTest.TestAutomationUtilTest">
    <failure type="java.lang.NullPointerException">
      <![CDATA[java.lang.NullPointerExceptionat com.schemaxtech.testAutomationFramework.TestAutomationUtil.fetchAttrPaths(TestAutomationUtil.java:73)at com.schemaxtech.testAutomationFrameworkTest.TestAutomationUtilTest.fetchAttrPaths_ValiFile(TestAutomationUtilTest.java:41)... Removed 25 stack frames]]>
    </failure>
  </testcase> <!-- fetchAttrPaths_ValiFile -->
  <testcase name="fetchCsvTestData_ValidFile" time="0.014" classname="com.schemaxtech.testAutomationFrameworkTest.TestAutomationUtilTest"/>
  <testcase name="jsonObject" time="0.002" classname="com.schemaxtech.testAutomationFrameworkTest.TestAutomationUtilTest">
    <failure type="java.lang.AssertionError" message="expected object to not be null">
      <![CDATA[java.lang.AssertionError: expected object to not be nullat com.schemaxtech.testAutomationFrameworkTest.TestAutomationUtilTest.jsonObject(TestAutomationUtilTest.java:56)... Removed 28 stack frames]]>
    </failure>
  </testcase> <!-- jsonObject -->
  <testcase name="readCsvTest_ValidFile" time="0.001" classname="com.schemaxtech.testAutomationFrameworkTest.TestAutomationUtilTest"/>
  <testcase name="updatJsonWithTestData" time="0.011" classname="com.schemaxtech.testAutomationFrameworkTest.TestAutomationUtilTest">
    <failure type="java.lang.NullPointerException">
      <![CDATA[java.lang.NullPointerExceptionat com.schemaxtech.testAutomationFramework.TestAutomationUtil.fetchAttrPaths(TestAutomationUtil.java:73)at com.schemaxtech.testAutomationFrameworkTest.TestAutomationUtilTest.updatJsonWithTestData(TestAutomationUtilTest.java:63)... Removed 25 stack frames]]>
    </failure>
  </testcase> <!-- updatJsonWithTestData -->
</testsuite> <!-- Test -->
