<?xml version="1.0" encoding="UTF-8"?>
<testng-results skipped="0" failed="0" ignored="0" total="6" passed="6">
  <reporter-output>
  </reporter-output>
  <suite name="Default suite" duration-ms="5830" started-at="2019-07-27T18:34:08Z" finished-at="2019-07-27T18:34:14Z">
    <groups>
    </groups>
    <test name="Default test" duration-ms="5830" started-at="2019-07-27T18:34:08Z" finished-at="2019-07-27T18:34:14Z">
      <class name="com.schemaxtech.testAutomationFrameworkTest.TestAutomationUtilTest">
        <test-method status="PASS" signature="postSampleTest(java.lang.String, org.json.JSONObject, java.util.Map, java.util.Map)[pri:0, instance:com.schemaxtech.testAutomationFrameworkTest.TestAutomationUtilTest@f6c48ac]" name="postSampleTest" duration-ms="3398" started-at="2019-07-27T18:34:09Z" data-provider="sampleDataProvider" finished-at="2019-07-27T18:34:12Z">
          <params>
            <param index="0">
              <value>
                <![CDATA[TC_003]]>
              </value>
            </param>
            <param index="1">
              <value>
                <![CDATA[{"operation_name":"laying","is_external_operation":true,"operation_type":"Cut","operation_description":"laying","operation_code":10,"empty":false,"operation_category":"Panel Form"}]]>
              </value>
            </param>
            <param index="2">
              <value>
                <![CDATA[{operation_name=laying, operation_type=, errInfo=, isactive=, operation_description=laying, operation_code=, message=, operation_category=, status=}]]>
              </value>
            </param>
            <param index="3">
              <value>
                <![CDATA[{operation_name=operation_name, errInfo=errInfo, operation_description=operation_description, operation_code=operation_code, isActive=isActive, message=message, status=status}]]>
              </value>
            </param>
          </params>
          <reporter-output>
          </reporter-output>
        </test-method> <!-- postSampleTest -->
        <test-method status="PASS" signature="postSampleTest(java.lang.String, org.json.JSONObject, java.util.Map, java.util.Map)[pri:0, instance:com.schemaxtech.testAutomationFrameworkTest.TestAutomationUtilTest@f6c48ac]" name="postSampleTest" duration-ms="492" started-at="2019-07-27T18:34:12Z" data-provider="sampleDataProvider" finished-at="2019-07-27T18:34:12Z">
          <params>
            <param index="0">
              <value>
                <![CDATA[TC_002]]>
              </value>
            </param>
            <param index="1">
              <value>
                <![CDATA[{"operation_name":"cutting","is_external_operation":true,"operation_type":"Cut","operation_description":"cutting1","operation_code":10,"empty":false,"operation_category":"Panel Form"}]]>
              </value>
            </param>
            <param index="2">
              <value>
                <![CDATA[{operation_name=cutting, operation_type=, errInfo=, isactive=, operation_description=cutting1, operation_code=, message=, operation_category=, status=}]]>
              </value>
            </param>
            <param index="3">
              <value>
                <![CDATA[{operation_name=operation_name, errInfo=errInfo, operation_description=operation_description, operation_code=operation_code, isActive=isActive, message=message, status=status}]]>
              </value>
            </param>
          </params>
          <reporter-output>
          </reporter-output>
        </test-method> <!-- postSampleTest -->
        <test-method status="PASS" signature="postSampleTest(java.lang.String, org.json.JSONObject, java.util.Map, java.util.Map)[pri:0, instance:com.schemaxtech.testAutomationFrameworkTest.TestAutomationUtilTest@f6c48ac]" name="postSampleTest" duration-ms="351" started-at="2019-07-27T18:34:12Z" data-provider="sampleDataProvider" finished-at="2019-07-27T18:34:13Z">
          <params>
            <param index="0">
              <value>
                <![CDATA[TC_001]]>
              </value>
            </param>
            <param index="1">
              <value>
                <![CDATA[{"operation_name":"cuttingdummysuffix","is_external_operation":true,"operation_type":"Cut","operation_description":"cuttingdummysuffix","operation_code":10,"empty":false,"operation_category":"Panel Form"}]]>
              </value>
            </param>
            <param index="2">
              <value>
                <![CDATA[{operation_name=cuttingdummysuffix, operation_type=, errInfo=, isactive=, operation_description=cuttingdummysuffix, operation_code=, message=, operation_category=test, status=}]]>
              </value>
            </param>
            <param index="3">
              <value>
                <![CDATA[{operation_name=operation_name, errInfo=errInfo, operation_description=operation_description, operation_code=operation_code, isActive=isActive, message=message, status=status}]]>
              </value>
            </param>
          </params>
          <reporter-output>
          </reporter-output>
        </test-method> <!-- postSampleTest -->
        <test-method status="PASS" signature="postSampleTest(java.lang.String, org.json.JSONObject, java.util.Map, java.util.Map)[pri:0, instance:com.schemaxtech.testAutomationFrameworkTest.TestAutomationUtilTest@f6c48ac]" name="postSampleTest" duration-ms="569" started-at="2019-07-27T18:34:13Z" data-provider="sampleDataProvider" finished-at="2019-07-27T18:34:13Z">
          <params>
            <param index="0">
              <value>
                <![CDATA[TC_006]]>
              </value>
            </param>
            <param index="1">
              <value>
                <![CDATA[{"operation_name":"laying1","is_external_operation":true,"operation_type":"test","operation_description":"laying","operation_code":12,"empty":false,"operation_category":"Panel Form"}]]>
              </value>
            </param>
            <param index="2">
              <value>
                <![CDATA[{operation_name=laying1, operation_type=, errInfo=, isactive=, operation_description=laying, operation_code=, message=, operation_category=, status=}]]>
              </value>
            </param>
            <param index="3">
              <value>
                <![CDATA[{operation_name=operation_name, errInfo=errInfo, operation_description=operation_description, operation_code=operation_code, isActive=isActive, message=message, status=status}]]>
              </value>
            </param>
          </params>
          <reporter-output>
          </reporter-output>
        </test-method> <!-- postSampleTest -->
        <test-method status="PASS" signature="postSampleTest(java.lang.String, org.json.JSONObject, java.util.Map, java.util.Map)[pri:0, instance:com.schemaxtech.testAutomationFrameworkTest.TestAutomationUtilTest@f6c48ac]" name="postSampleTest" duration-ms="478" started-at="2019-07-27T18:34:13Z" data-provider="sampleDataProvider" finished-at="2019-07-27T18:34:14Z">
          <params>
            <param index="0">
              <value>
                <![CDATA[TC_005]]>
              </value>
            </param>
            <param index="1">
              <value>
                <![CDATA[{"operation_name":"laying1","is_external_operation":true,"operation_type":"Cut","operation_description":"laying","operation_code":12,"empty":false,"operation_category":"test"}]]>
              </value>
            </param>
            <param index="2">
              <value>
                <![CDATA[{operation_name=laying1, operation_type=, errInfo=, isactive=, operation_description=laying, operation_code=, message=, operation_category=, status=}]]>
              </value>
            </param>
            <param index="3">
              <value>
                <![CDATA[{operation_name=operation_name, errInfo=errInfo, operation_description=operation_description, operation_code=operation_code, isActive=isActive, message=message, status=status}]]>
              </value>
            </param>
          </params>
          <reporter-output>
          </reporter-output>
        </test-method> <!-- postSampleTest -->
        <test-method status="PASS" signature="postSampleTest(java.lang.String, org.json.JSONObject, java.util.Map, java.util.Map)[pri:0, instance:com.schemaxtech.testAutomationFrameworkTest.TestAutomationUtilTest@f6c48ac]" name="postSampleTest" duration-ms="412" started-at="2019-07-27T18:34:14Z" data-provider="sampleDataProvider" finished-at="2019-07-27T18:34:14Z">
          <params>
            <param index="0">
              <value>
                <![CDATA[TC_004]]>
              </value>
            </param>
            <param index="1">
              <value>
                <![CDATA[{"operation_name":"cutting","is_external_operation":true,"operation_type":"Cut","operation_description":"sewing","operation_code":100,"empty":false,"operation_category":"Panel Form"}]]>
              </value>
            </param>
            <param index="2">
              <value>
                <![CDATA[{operation_name=cutting, operation_type=, errInfo=, isactive=, operation_description=sewing, operation_code=, message=, operation_category=, status=}]]>
              </value>
            </param>
            <param index="3">
              <value>
                <![CDATA[{operation_name=operation_name, errInfo=errInfo, operation_description=operation_description, operation_code=operation_code, isActive=isActive, message=message, status=status}]]>
              </value>
            </param>
          </params>
          <reporter-output>
          </reporter-output>
        </test-method> <!-- postSampleTest -->
      </class> <!-- com.schemaxtech.testAutomationFrameworkTest.TestAutomationUtilTest -->
    </test> <!-- Default test -->
  </suite> <!-- Default suite -->
</testng-results>
