<?xml version="1.0" encoding="UTF-8"?>
<testng-results skipped="0" failed="1" ignored="0" total="6" passed="5">
  <reporter-output>
  </reporter-output>
  <suite name="Default suite" duration-ms="8546" started-at="2019-07-28T19:20:17Z" finished-at="2019-07-28T19:20:25Z">
    <groups>
    </groups>
    <test name="Default test" duration-ms="8546" started-at="2019-07-28T19:20:17Z" finished-at="2019-07-28T19:20:25Z">
      <class name="com.schemaxtech.testAutomationFrameworkTest.TestAutomationUtilTest">
        <test-method status="PASS" signature="postSampleTest(java.lang.String, org.json.JSONObject, java.util.Map, java.util.Map)[pri:0, instance:com.schemaxtech.testAutomationFrameworkTest.TestAutomationUtilTest@f6c48ac]" name="postSampleTest" duration-ms="3559" started-at="2019-07-28T19:20:17Z" data-provider="sampleDataProvider" finished-at="2019-07-28T19:20:20Z">
          <params>
            <param index="0">
              <value>
                <![CDATA[TC_003]]>
              </value>
            </param>
            <param index="1">
              <value>
                <![CDATA[{"operation_name":"laying","is_external_operation":true,"operation_type":"Cut","operation_description":"laying","operation_code":10,"empty":false,"operation_category":"Panel Form"}]]>
              </value>
            </param>
            <param index="2">
              <value>
                <![CDATA[{title=, id=}]]>
              </value>
            </param>
            <param index="3">
              <value>
                <![CDATA[{title=title, id=id}]]>
              </value>
            </param>
          </params>
          <reporter-output>
          </reporter-output>
        </test-method> <!-- postSampleTest -->
        <test-method status="PASS" signature="postSampleTest(java.lang.String, org.json.JSONObject, java.util.Map, java.util.Map)[pri:0, instance:com.schemaxtech.testAutomationFrameworkTest.TestAutomationUtilTest@f6c48ac]" name="postSampleTest" duration-ms="888" started-at="2019-07-28T19:20:20Z" data-provider="sampleDataProvider" finished-at="2019-07-28T19:20:21Z">
          <params>
            <param index="0">
              <value>
                <![CDATA[TC_002]]>
              </value>
            </param>
            <param index="1">
              <value>
                <![CDATA[{"operation_name":"cutting","is_external_operation":true,"operation_type":"Cut","operation_description":"cutting1","operation_code":10,"empty":false,"operation_category":"Panel Form"}]]>
              </value>
            </param>
            <param index="2">
              <value>
                <![CDATA[{title=, id=}]]>
              </value>
            </param>
            <param index="3">
              <value>
                <![CDATA[{title=title, id=id}]]>
              </value>
            </param>
          </params>
          <reporter-output>
          </reporter-output>
        </test-method> <!-- postSampleTest -->
        <test-method status="FAIL" signature="postSampleTest(java.lang.String, org.json.JSONObject, java.util.Map, java.util.Map)[pri:0, instance:com.schemaxtech.testAutomationFrameworkTest.TestAutomationUtilTest@f6c48ac]" name="postSampleTest" duration-ms="1323" started-at="2019-07-28T19:20:21Z" data-provider="sampleDataProvider" finished-at="2019-07-28T19:20:23Z">
          <params>
            <param index="0">
              <value>
                <![CDATA[TC_001]]>
              </value>
            </param>
            <param index="1">
              <value>
                <![CDATA[{"operation_name":"cuttingdummysuffix","is_external_operation":true,"operation_type":"Cut","operation_description":"cuttingdummysuffix","operation_code":10,"empty":false,"operation_category":"Panel Form"}]]>
              </value>
            </param>
            <param index="2">
              <value>
                <![CDATA[{title=ea molestias quasi exercitationem repellat qui ipsa sit aut, id=3}]]>
              </value>
            </param>
            <param index="3">
              <value>
                <![CDATA[{title=title, id=id}]]>
              </value>
            </param>
          </params>
          <exception class="java.lang.AssertionError">
            <message>
              <![CDATA[Verification of 'id' with value '3' in response json failed expected [3] but found [101]]]>
            </message>
            <full-stacktrace>
              <![CDATA[java.lang.AssertionError: Verification of 'id' with value '3' in response json failed expected [3] but found [101]
at org.testng.Assert.fail(Assert.java:96)
at org.testng.Assert.failNotEquals(Assert.java:776)
at org.testng.Assert.assertEqualsImpl(Assert.java:137)
at org.testng.Assert.assertEquals(Assert.java:118)
at com.schemaxtech.testAutomationFramework.TestAutomationUtil.verifyResponse(TestAutomationUtil.java:239)
at com.schemaxtech.testAutomationFrameworkTest.TestAutomationUtilTest.postSampleTest(TestAutomationUtilTest.java:57)
at sun.reflect.NativeMethodAccessorImpl.invoke0(Native Method)
at sun.reflect.NativeMethodAccessorImpl.invoke(Unknown Source)
at sun.reflect.DelegatingMethodAccessorImpl.invoke(Unknown Source)
at java.lang.reflect.Method.invoke(Unknown Source)
at org.testng.internal.MethodInvocationHelper.invokeMethod(MethodInvocationHelper.java:124)
at org.testng.internal.Invoker.invokeMethod(Invoker.java:583)
at org.testng.internal.Invoker.invokeTestMethod(Invoker.java:719)
at org.testng.internal.Invoker.invokeTestMethods(Invoker.java:989)
at org.testng.internal.TestMethodWorker.invokeTestMethods(TestMethodWorker.java:125)
at org.testng.internal.TestMethodWorker.run(TestMethodWorker.java:109)
at org.testng.TestRunner.privateRun(TestRunner.java:648)
at org.testng.TestRunner.run(TestRunner.java:505)
at org.testng.SuiteRunner.runTest(SuiteRunner.java:455)
at org.testng.SuiteRunner.runSequentially(SuiteRunner.java:450)
at org.testng.SuiteRunner.privateRun(SuiteRunner.java:415)
at org.testng.SuiteRunner.run(SuiteRunner.java:364)
at org.testng.SuiteRunnerWorker.runSuite(SuiteRunnerWorker.java:52)
at org.testng.SuiteRunnerWorker.run(SuiteRunnerWorker.java:84)
at org.testng.TestNG.runSuitesSequentially(TestNG.java:1208)
at org.testng.TestNG.runSuitesLocally(TestNG.java:1137)
at org.testng.TestNG.runSuites(TestNG.java:1049)
at org.testng.TestNG.run(TestNG.java:1017)
at org.testng.remote.AbstractRemoteTestNG.run(AbstractRemoteTestNG.java:115)
at org.testng.remote.RemoteTestNG.initAndRun(RemoteTestNG.java:251)
at org.testng.remote.RemoteTestNG.main(RemoteTestNG.java:77)
]]>
            </full-stacktrace>
          </exception> <!-- java.lang.AssertionError -->
          <reporter-output>
          </reporter-output>
        </test-method> <!-- postSampleTest -->
        <test-method status="PASS" signature="postSampleTest(java.lang.String, org.json.JSONObject, java.util.Map, java.util.Map)[pri:0, instance:com.schemaxtech.testAutomationFrameworkTest.TestAutomationUtilTest@f6c48ac]" name="postSampleTest" duration-ms="847" started-at="2019-07-28T19:20:23Z" data-provider="sampleDataProvider" finished-at="2019-07-28T19:20:23Z">
          <params>
            <param index="0">
              <value>
                <![CDATA[TC_006]]>
              </value>
            </param>
            <param index="1">
              <value>
                <![CDATA[{"operation_name":"laying1","is_external_operation":true,"operation_type":"test","operation_description":"laying","operation_code":12,"empty":false,"operation_category":"Panel Form"}]]>
              </value>
            </param>
            <param index="2">
              <value>
                <![CDATA[{title=, id=}]]>
              </value>
            </param>
            <param index="3">
              <value>
                <![CDATA[{title=title, id=id}]]>
              </value>
            </param>
          </params>
          <reporter-output>
          </reporter-output>
        </test-method> <!-- postSampleTest -->
        <test-method status="PASS" signature="postSampleTest(java.lang.String, org.json.JSONObject, java.util.Map, java.util.Map)[pri:0, instance:com.schemaxtech.testAutomationFrameworkTest.TestAutomationUtilTest@f6c48ac]" name="postSampleTest" duration-ms="881" started-at="2019-07-28T19:20:23Z" data-provider="sampleDataProvider" finished-at="2019-07-28T19:20:24Z">
          <params>
            <param index="0">
              <value>
                <![CDATA[TC_005]]>
              </value>
            </param>
            <param index="1">
              <value>
                <![CDATA[{"operation_name":"laying1","is_external_operation":true,"operation_type":"Cut","operation_description":"laying","operation_code":12,"empty":false,"operation_category":"test"}]]>
              </value>
            </param>
            <param index="2">
              <value>
                <![CDATA[{title=, id=}]]>
              </value>
            </param>
            <param index="3">
              <value>
                <![CDATA[{title=title, id=id}]]>
              </value>
            </param>
          </params>
          <reporter-output>
          </reporter-output>
        </test-method> <!-- postSampleTest -->
        <test-method status="PASS" signature="postSampleTest(java.lang.String, org.json.JSONObject, java.util.Map, java.util.Map)[pri:0, instance:com.schemaxtech.testAutomationFrameworkTest.TestAutomationUtilTest@f6c48ac]" name="postSampleTest" duration-ms="889" started-at="2019-07-28T19:20:24Z" data-provider="sampleDataProvider" finished-at="2019-07-28T19:20:25Z">
          <params>
            <param index="0">
              <value>
                <![CDATA[TC_004]]>
              </value>
            </param>
            <param index="1">
              <value>
                <![CDATA[{"operation_name":"cutting","is_external_operation":true,"operation_type":"Cut","operation_description":"sewing","operation_code":100,"empty":false,"operation_category":"Panel Form"}]]>
              </value>
            </param>
            <param index="2">
              <value>
                <![CDATA[{title=, id=}]]>
              </value>
            </param>
            <param index="3">
              <value>
                <![CDATA[{title=title, id=id}]]>
              </value>
            </param>
          </params>
          <reporter-output>
          </reporter-output>
        </test-method> <!-- postSampleTest -->
      </class> <!-- com.schemaxtech.testAutomationFrameworkTest.TestAutomationUtilTest -->
    </test> <!-- Default test -->
  </suite> <!-- Default suite -->
</testng-results>
